0 info it worked if it ends with ok
1 verbose cli [ 'C:\\Program Files\\nodejs\\node.exe',
1 verbose cli   'C:\\Program Files\\nodejs\\node_modules\\npm\\bin\\npm-cli.js',
1 verbose cli   'install' ]
2 info using npm@2.14.7
3 info using node@v4.2.1
4 verbose readDependencies loading dependencies from C:\Users\pyatkov\json_api\package.json
5 verbose install where, deps [ 'C:\\Users\\pyatkov\\json_api',
5 verbose install   [ 'phoenix',
5 verbose install     'phoenix_html',
5 verbose install     'babel-brunch',
5 verbose install     'brunch',
5 verbose install     'clean-css-brunch',
5 verbose install     'css-brunch',
5 verbose install     'javascript-brunch',
5 verbose install     'uglify-js-brunch' ] ]
6 verbose install where, peers [ 'C:\\Users\\pyatkov\\json_api', [] ]
7 verbose installManyTop reading for lifecycle C:\Users\pyatkov\json_api\package.json
8 info preinstall @
9 verbose readDependencies loading dependencies from C:\Users\pyatkov\json_api\package.json
10 silly cache add args [ 'babel-brunch@~6.0.0', null ]
11 verbose cache add spec babel-brunch@~6.0.0
12 silly cache add parsed spec Result {
12 silly cache add   raw: 'babel-brunch@~6.0.0',
12 silly cache add   scope: null,
12 silly cache add   name: 'babel-brunch',
12 silly cache add   rawSpec: '~6.0.0',
12 silly cache add   spec: '>=6.0.0 <6.1.0',
12 silly cache add   type: 'range' }
13 silly addNamed babel-brunch@>=6.0.0 <6.1.0
14 verbose addNamed ">=6.0.0 <6.1.0" is a valid semver range for babel-brunch
15 silly addNameRange { name: 'babel-brunch', range: '>=6.0.0 <6.1.0', hasData: false }
16 silly mapToRegistry name babel-brunch
17 silly mapToRegistry using default registry
18 silly mapToRegistry registry https://registry.npmjs.org/
19 silly mapToRegistry uri https://registry.npmjs.org/babel-brunch
20 verbose addNameRange registry:https://registry.npmjs.org/babel-brunch not in flight; fetching
21 silly cache add args [ 'brunch@2.7.4', null ]
22 verbose cache add spec brunch@2.7.4
23 silly cache add parsed spec Result {
23 silly cache add   raw: 'brunch@2.7.4',
23 silly cache add   scope: null,
23 silly cache add   name: 'brunch',
23 silly cache add   rawSpec: '2.7.4',
23 silly cache add   spec: '2.7.4',
23 silly cache add   type: 'version' }
24 silly addNamed brunch@2.7.4
25 verbose addNamed "2.7.4" is a plain semver version for brunch
26 silly mapToRegistry name brunch
27 silly mapToRegistry using default registry
28 silly mapToRegistry registry https://registry.npmjs.org/
29 silly mapToRegistry uri https://registry.npmjs.org/brunch
30 verbose addNameVersion registry:https://registry.npmjs.org/brunch not in flight; fetching
31 silly cache add args [ 'clean-css-brunch@~2.0.0', null ]
32 verbose cache add spec clean-css-brunch@~2.0.0
33 silly cache add parsed spec Result {
33 silly cache add   raw: 'clean-css-brunch@~2.0.0',
33 silly cache add   scope: null,
33 silly cache add   name: 'clean-css-brunch',
33 silly cache add   rawSpec: '~2.0.0',
33 silly cache add   spec: '>=2.0.0 <2.1.0',
33 silly cache add   type: 'range' }
34 silly addNamed clean-css-brunch@>=2.0.0 <2.1.0
35 verbose addNamed ">=2.0.0 <2.1.0" is a valid semver range for clean-css-brunch
36 silly addNameRange { name: 'clean-css-brunch',
36 silly addNameRange   range: '>=2.0.0 <2.1.0',
36 silly addNameRange   hasData: false }
37 silly mapToRegistry name clean-css-brunch
38 silly mapToRegistry using default registry
39 silly mapToRegistry registry https://registry.npmjs.org/
40 silly mapToRegistry uri https://registry.npmjs.org/clean-css-brunch
41 verbose addNameRange registry:https://registry.npmjs.org/clean-css-brunch not in flight; fetching
42 silly cache add args [ 'css-brunch@~2.0.0', null ]
43 verbose cache add spec css-brunch@~2.0.0
44 silly cache add parsed spec Result {
44 silly cache add   raw: 'css-brunch@~2.0.0',
44 silly cache add   scope: null,
44 silly cache add   name: 'css-brunch',
44 silly cache add   rawSpec: '~2.0.0',
44 silly cache add   spec: '>=2.0.0 <2.1.0',
44 silly cache add   type: 'range' }
45 silly addNamed css-brunch@>=2.0.0 <2.1.0
46 verbose addNamed ">=2.0.0 <2.1.0" is a valid semver range for css-brunch
47 silly addNameRange { name: 'css-brunch', range: '>=2.0.0 <2.1.0', hasData: false }
48 silly mapToRegistry name css-brunch
49 silly mapToRegistry using default registry
50 silly mapToRegistry registry https://registry.npmjs.org/
51 silly mapToRegistry uri https://registry.npmjs.org/css-brunch
52 verbose addNameRange registry:https://registry.npmjs.org/css-brunch not in flight; fetching
53 silly cache add args [ 'javascript-brunch@~2.0.0', null ]
54 verbose cache add spec javascript-brunch@~2.0.0
55 silly cache add parsed spec Result {
55 silly cache add   raw: 'javascript-brunch@~2.0.0',
55 silly cache add   scope: null,
55 silly cache add   name: 'javascript-brunch',
55 silly cache add   rawSpec: '~2.0.0',
55 silly cache add   spec: '>=2.0.0 <2.1.0',
55 silly cache add   type: 'range' }
56 silly addNamed javascript-brunch@>=2.0.0 <2.1.0
57 verbose addNamed ">=2.0.0 <2.1.0" is a valid semver range for javascript-brunch
58 silly addNameRange { name: 'javascript-brunch',
58 silly addNameRange   range: '>=2.0.0 <2.1.0',
58 silly addNameRange   hasData: false }
59 silly mapToRegistry name javascript-brunch
60 silly mapToRegistry using default registry
61 silly mapToRegistry registry https://registry.npmjs.org/
62 silly mapToRegistry uri https://registry.npmjs.org/javascript-brunch
63 verbose addNameRange registry:https://registry.npmjs.org/javascript-brunch not in flight; fetching
64 silly cache add args [ 'uglify-js-brunch@~2.0.1', null ]
65 verbose cache add spec uglify-js-brunch@~2.0.1
66 silly cache add parsed spec Result {
66 silly cache add   raw: 'uglify-js-brunch@~2.0.1',
66 silly cache add   scope: null,
66 silly cache add   name: 'uglify-js-brunch',
66 silly cache add   rawSpec: '~2.0.1',
66 silly cache add   spec: '>=2.0.1 <2.1.0',
66 silly cache add   type: 'range' }
67 silly addNamed uglify-js-brunch@>=2.0.1 <2.1.0
68 verbose addNamed ">=2.0.1 <2.1.0" is a valid semver range for uglify-js-brunch
69 silly addNameRange { name: 'uglify-js-brunch',
69 silly addNameRange   range: '>=2.0.1 <2.1.0',
69 silly addNameRange   hasData: false }
70 silly mapToRegistry name uglify-js-brunch
71 silly mapToRegistry using default registry
72 silly mapToRegistry registry https://registry.npmjs.org/
73 silly mapToRegistry uri https://registry.npmjs.org/uglify-js-brunch
74 verbose addNameRange registry:https://registry.npmjs.org/uglify-js-brunch not in flight; fetching
75 silly cache add args [ 'phoenix@file:deps/phoenix', null ]
76 verbose cache add spec phoenix@file:deps/phoenix
77 silly cache add args [ 'phoenix_html@file:deps/phoenix_html', null ]
78 verbose cache add spec phoenix_html@file:deps/phoenix_html
79 silly cache add parsed spec Result {
79 silly cache add   raw: 'phoenix@file:deps/phoenix',
79 silly cache add   scope: null,
79 silly cache add   name: 'phoenix',
79 silly cache add   rawSpec: 'file:deps/phoenix',
79 silly cache add   spec: 'C:\\Users\\pyatkov\\json_api\\deps\\phoenix',
79 silly cache add   type: 'local' }
80 silly cache add parsed spec Result {
80 silly cache add   raw: 'phoenix_html@file:deps/phoenix_html',
80 silly cache add   scope: null,
80 silly cache add   name: 'phoenix_html',
80 silly cache add   rawSpec: 'file:deps/phoenix_html',
80 silly cache add   spec: 'C:\\Users\\pyatkov\\json_api\\deps\\phoenix_html',
80 silly cache add   type: 'local' }
81 error addLocal Could not install C:\Users\pyatkov\json_api\deps\phoenix
82 error addLocal Could not install C:\Users\pyatkov\json_api\deps\phoenix_html
83 verbose request uri https://registry.npmjs.org/css-brunch
84 verbose request no auth needed
85 info attempt registry request try #1 at 13:28:03
86 verbose request id 601b4aea72636a82
87 verbose etag "7GB393VM0UVG7509HQNQU15GE"
88 http request GET https://registry.npmjs.org/css-brunch
89 verbose request uri https://registry.npmjs.org/clean-css-brunch
90 verbose request no auth needed
91 info attempt registry request try #1 at 13:28:03
92 verbose etag "9U92WK9N2J0M45E90BGP5WP5"
93 http request GET https://registry.npmjs.org/clean-css-brunch
94 verbose request uri https://registry.npmjs.org/brunch
95 verbose request no auth needed
96 info attempt registry request try #1 at 13:28:03
97 verbose etag "A0TSRVQEK2NQ14MM1DTLAM0ND"
98 http request GET https://registry.npmjs.org/brunch
99 verbose request uri https://registry.npmjs.org/babel-brunch
100 verbose request no auth needed
101 info attempt registry request try #1 at 13:28:03
102 verbose etag "915ING937LVJRSABS23RJGWC5"
103 http request GET https://registry.npmjs.org/babel-brunch
104 verbose request uri https://registry.npmjs.org/javascript-brunch
105 verbose request no auth needed
106 info attempt registry request try #1 at 13:28:03
107 verbose etag "3BMJ7P1CYHS2AQISJPTKF5FGO"
108 http request GET https://registry.npmjs.org/javascript-brunch
109 verbose request uri https://registry.npmjs.org/uglify-js-brunch
110 verbose request no auth needed
111 info attempt registry request try #1 at 13:28:03
112 verbose etag "E5N0FJHINOWGJGVIHR33ODJD4"
113 http request GET https://registry.npmjs.org/uglify-js-brunch
114 info retry will retry, error on last attempt: Error: tunneling socket could not be established, cause=Parse Error
115 info retry will retry, error on last attempt: Error: tunneling socket could not be established, cause=Parse Error
116 info retry will retry, error on last attempt: Error: tunneling socket could not be established, cause=Parse Error
117 info retry will retry, error on last attempt: Error: tunneling socket could not be established, cause=Parse Error
118 info retry will retry, error on last attempt: Error: tunneling socket could not be established, cause=Parse Error
119 info retry will retry, error on last attempt: Error: tunneling socket could not be established, cause=Parse Error
120 info attempt registry request try #2 at 13:28:13
121 verbose etag "915ING937LVJRSABS23RJGWC5"
122 http request GET https://registry.npmjs.org/babel-brunch
123 info attempt registry request try #2 at 13:28:13
124 verbose etag "7GB393VM0UVG7509HQNQU15GE"
125 http request GET https://registry.npmjs.org/css-brunch
126 info attempt registry request try #2 at 13:28:13
127 verbose etag "3BMJ7P1CYHS2AQISJPTKF5FGO"
128 http request GET https://registry.npmjs.org/javascript-brunch
129 info attempt registry request try #2 at 13:28:13
130 verbose etag "A0TSRVQEK2NQ14MM1DTLAM0ND"
131 http request GET https://registry.npmjs.org/brunch
132 info attempt registry request try #2 at 13:28:13
133 verbose etag "9U92WK9N2J0M45E90BGP5WP5"
134 http request GET https://registry.npmjs.org/clean-css-brunch
135 info attempt registry request try #2 at 13:28:13
136 verbose etag "E5N0FJHINOWGJGVIHR33ODJD4"
137 http request GET https://registry.npmjs.org/uglify-js-brunch
138 info retry will retry, error on last attempt: Error: tunneling socket could not be established, cause=Parse Error
139 info retry will retry, error on last attempt: Error: tunneling socket could not be established, cause=Parse Error
140 info retry will retry, error on last attempt: Error: tunneling socket could not be established, cause=Parse Error
141 info retry will retry, error on last attempt: Error: tunneling socket could not be established, cause=Parse Error
142 info retry will retry, error on last attempt: Error: tunneling socket could not be established, cause=Parse Error
143 info retry will retry, error on last attempt: Error: tunneling socket could not be established, cause=Parse Error
144 info attempt registry request try #3 at 13:29:14
145 verbose etag "7GB393VM0UVG7509HQNQU15GE"
146 http request GET https://registry.npmjs.org/css-brunch
147 info attempt registry request try #3 at 13:29:14
148 verbose etag "915ING937LVJRSABS23RJGWC5"
149 http request GET https://registry.npmjs.org/babel-brunch
150 info attempt registry request try #3 at 13:29:14
151 verbose etag "A0TSRVQEK2NQ14MM1DTLAM0ND"
152 http request GET https://registry.npmjs.org/brunch
153 info attempt registry request try #3 at 13:29:14
154 verbose etag "9U92WK9N2J0M45E90BGP5WP5"
155 http request GET https://registry.npmjs.org/clean-css-brunch
156 info attempt registry request try #3 at 13:29:14
157 verbose etag "3BMJ7P1CYHS2AQISJPTKF5FGO"
158 http request GET https://registry.npmjs.org/javascript-brunch
159 info attempt registry request try #3 at 13:29:14
160 verbose etag "E5N0FJHINOWGJGVIHR33ODJD4"
161 http request GET https://registry.npmjs.org/uglify-js-brunch
162 silly get cb [ 304, undefined ]
163 verbose etag https://registry.npmjs.org/clean-css-brunch from cache
164 verbose get saving clean-css-brunch to C:\Users\pyatkov\AppData\Roaming\npm-cache\registry.npmjs.org\clean-css-brunch\.cache.json
165 silly get cb [ 304, undefined ]
166 verbose etag https://registry.npmjs.org/javascript-brunch from cache
167 verbose get saving javascript-brunch to C:\Users\pyatkov\AppData\Roaming\npm-cache\registry.npmjs.org\javascript-brunch\.cache.json
168 silly get cb [ 304, undefined ]
169 verbose etag https://registry.npmjs.org/uglify-js-brunch from cache
170 verbose get saving uglify-js-brunch to C:\Users\pyatkov\AppData\Roaming\npm-cache\registry.npmjs.org\uglify-js-brunch\.cache.json
171 silly addNameRange number 2 { name: 'clean-css-brunch',
171 silly addNameRange   range: '>=2.0.0 <2.1.0',
171 silly addNameRange   hasData: true }
172 silly addNameRange versions [ 'clean-css-brunch',
172 silly addNameRange   [ '1.0.0',
172 silly addNameRange     '1.1.0',
172 silly addNameRange     '1.1.1',
172 silly addNameRange     '1.3.0',
172 silly addNameRange     '1.4.0',
172 silly addNameRange     '1.5.0',
172 silly addNameRange     '1.5.1',
172 silly addNameRange     '1.6.0',
172 silly addNameRange     '1.7.0',
172 silly addNameRange     '1.7.1',
172 silly addNameRange     '1.7.2' ] ]
173 silly addNameRange number 2 { name: 'javascript-brunch',
173 silly addNameRange   range: '>=2.0.0 <2.1.0',
173 silly addNameRange   hasData: true }
174 silly addNameRange versions [ 'javascript-brunch',
174 silly addNameRange   [ '1.0.0',
174 silly addNameRange     '1.1.0',
174 silly addNameRange     '1.1.1',
174 silly addNameRange     '1.3.0',
174 silly addNameRange     '1.5.0',
174 silly addNameRange     '1.5.1',
174 silly addNameRange     '1.6.0',
174 silly addNameRange     '1.7.0',
174 silly addNameRange     '1.7.1',
174 silly addNameRange     '1.8.0' ] ]
175 silly addNameRange number 2 { name: 'uglify-js-brunch',
175 silly addNameRange   range: '>=2.0.1 <2.1.0',
175 silly addNameRange   hasData: true }
176 silly addNameRange versions [ 'uglify-js-brunch',
176 silly addNameRange   [ '1.0.0',
176 silly addNameRange     '1.1.0',
176 silly addNameRange     '1.1.1',
176 silly addNameRange     '1.3.0',
176 silly addNameRange     '1.3.1',
176 silly addNameRange     '1.5.0',
176 silly addNameRange     '1.5.1',
176 silly addNameRange     '1.7.0',
176 silly addNameRange     '1.7.1',
176 silly addNameRange     '1.7.2',
176 silly addNameRange     '1.7.3',
176 silly addNameRange     '1.7.4',
176 silly addNameRange     '1.7.5',
176 silly addNameRange     '1.7.6',
176 silly addNameRange     '1.7.7',
176 silly addNameRange     '1.7.8' ] ]
177 silly get cb [ 304, undefined ]
178 verbose etag https://registry.npmjs.org/css-brunch from cache
179 verbose get saving css-brunch to C:\Users\pyatkov\AppData\Roaming\npm-cache\registry.npmjs.org\css-brunch\.cache.json
180 silly get cb [ 304, undefined ]
181 verbose etag https://registry.npmjs.org/babel-brunch from cache
182 verbose get saving babel-brunch to C:\Users\pyatkov\AppData\Roaming\npm-cache\registry.npmjs.org\babel-brunch\.cache.json
183 silly get cb [ 304, undefined ]
184 verbose etag https://registry.npmjs.org/brunch from cache
185 verbose get saving brunch to C:\Users\pyatkov\AppData\Roaming\npm-cache\registry.npmjs.org\brunch\.cache.json
186 silly addNameRange number 2 { name: 'css-brunch', range: '>=2.0.0 <2.1.0', hasData: true }
187 silly addNameRange versions [ 'css-brunch',
187 silly addNameRange   [ '1.0.0',
187 silly addNameRange     '1.1.0',
187 silly addNameRange     '1.1.1',
187 silly addNameRange     '1.3.0',
187 silly addNameRange     '1.5.0',
187 silly addNameRange     '1.5.1',
187 silly addNameRange     '1.6.0',
187 silly addNameRange     '1.7.0' ] ]
188 silly addNameRange number 2 { name: 'babel-brunch', range: '>=6.0.0 <6.1.0', hasData: true }
189 silly addNameRange versions [ 'babel-brunch',
189 silly addNameRange   [ '4.0.0', '5.0.0', '5.0.1', '5.1.0', '5.1.1', '5.1.2' ] ]
190 verbose stack Error: ENOENT: no such file or directory, open 'C:\Users\pyatkov\json_api\deps\phoenix'
190 verbose stack     at Error (native)
191 verbose cwd C:\Users\pyatkov\json_api
192 error Windows_NT 6.1.7601
193 error argv "C:\\Program Files\\nodejs\\node.exe" "C:\\Program Files\\nodejs\\node_modules\\npm\\bin\\npm-cli.js" "install"
194 error node v4.2.1
195 error npm  v2.14.7
196 error path C:\Users\pyatkov\json_api\deps\phoenix
197 error code ENOENT
198 error errno -4058
199 error syscall open
200 error enoent ENOENT: no such file or directory, open 'C:\Users\pyatkov\json_api\deps\phoenix'
200 error enoent This is most likely not a problem with npm itself
200 error enoent and is related to npm not being able to find a file.
201 verbose exit [ -4058, true ]
